c:\users\leste\onedrive - staffordshire university\mario\mario\debug\vc142.pdb
c:\users\leste\onedrive - staffordshire university\mario\mario\debug\vc142.idb
c:\users\leste\onedrive - staffordshire university\mario\mario\debug\texture2d.obj
c:\users\leste\onedrive - staffordshire university\mario\mario\debug\source.obj
c:\users\leste\onedrive - staffordshire university\mario\mario\debug\powblock.obj
c:\users\leste\onedrive - staffordshire university\mario\mario\debug\levelmap.obj
c:\users\leste\onedrive - staffordshire university\mario\mario\debug\gamescreenmanager.obj
c:\users\leste\onedrive - staffordshire university\mario\mario\debug\gamescreenintro.obj
c:\users\leste\onedrive - staffordshire university\mario\mario\debug\gamescreen.obj
c:\users\leste\onedrive - staffordshire university\mario\mario\debug\collisions.obj
c:\users\leste\onedrive - staffordshire university\mario\mario\debug\charactermario.obj
c:\users\leste\onedrive - staffordshire university\mario\mario\debug\characterluigi.obj
c:\users\leste\onedrive - staffordshire university\mario\mario\debug\characterkoopa.obj
c:\users\leste\onedrive - staffordshire university\mario\mario\debug\character.obj
c:\users\leste\onedrive - staffordshire university\mario\mario\debug\gamescreenlevel1.obj
c:\users\leste\onedrive - staffordshire university\mario\debug\mario.exe
c:\users\leste\onedrive - staffordshire university\mario\debug\mario.ilk
c:\users\leste\onedrive - staffordshire university\mario\debug\mario.pdb
c:\users\leste\onedrive - staffordshire university\mario\mario\debug\mario.tlog\cl.command.1.tlog
c:\users\leste\onedrive - staffordshire university\mario\mario\debug\mario.tlog\cl.read.1.tlog
c:\users\leste\onedrive - staffordshire university\mario\mario\debug\mario.tlog\cl.write.1.tlog
c:\users\leste\onedrive - staffordshire university\mario\mario\debug\mario.tlog\link.command.1.tlog
c:\users\leste\onedrive - staffordshire university\mario\mario\debug\mario.tlog\link.read.1.tlog
c:\users\leste\onedrive - staffordshire university\mario\mario\debug\mario.tlog\link.write.1.tlog
